==403161== Helgrind, a thread error detector
==403161== Copyright (C) 2007-2017, and GNU GPL'd, by OpenWorks LLP et al.
==403161== Using Valgrind-3.18.1 and LibVEX; rerun with -h for copyright info
==403161== Command: ./philo 4 200 205 200 3
==403161== 
1 1 is thinking
3 2 is thinking
6 3 is thinking
9 1 has taken a fork
10 1 has taken a fork
6 4 is thinking
13 1 is eating
13 3 has taken a fork
13 3 has taken a fork
14 3 is eating
200 2 died
==403163== 
==403163== Use --history-level=approx or =none to gain increased speed, at
==403163== the cost of reduced accuracy of conflicting-access information
==403163== For lists of detected and suppressed errors, rerun with: -s
==403163== ERROR SUMMARY: 0 errors from 0 contexts (suppressed: 0 from 0)
==403161== 
==403161== Use --history-level=approx or =none to gain increased speed, at
==403161== the cost of reduced accuracy of conflicting-access information
==403161== For lists of detected and suppressed errors, rerun with: -s
==403161== ERROR SUMMARY: 0 errors from 0 contexts (suppressed: 0 from 0)
